Compiling the C compiler identification source file "CMakeCCompilerId.c" failed.
Compiler: /usr/bin/gcc 
Build flags: 
Id flags:  

The output was:
No such file or directory


Compiling the C compiler identification source file "CMakeCCompilerId.c" failed.
Compiler: /usr/bin/gcc 
Build flags: 
Id flags: -c 

The output was:
No such file or directory


Compiling the C compiler identification source file "CMakeCCompilerId.c" failed.
Compiler: /usr/bin/gcc 
Build flags: 
Id flags: -Aa 

The output was:
No such file or directory


Compiling the C compiler identification source file "CMakeCCompilerId.c" failed.
Compiler: /usr/bin/gcc 
Build flags: 
Id flags: -D__CLASSIC_C__ 

The output was:
No such file or directory


Compiling the C compiler identification source file "CMakeCCompilerId.c" failed.
Compiler: /usr/bin/gcc 
Build flags: 
Id flags:  

The output was:
No such file or directory


Compiling the C compiler identification source file "CMakeCCompilerId.c" failed.
Compiler: /usr/bin/gcc 
Build flags: 
Id flags: -c 

The output was:
No such file or directory


Compiling the C compiler identification source file "CMakeCCompilerId.c" failed.
Compiler: /usr/bin/gcc 
Build flags: 
Id flags: -Aa 

The output was:
No such file or directory


Compiling the C compiler identification source file "CMakeCCompilerId.c" failed.
Compiler: /usr/bin/gcc 
Build flags: 
Id flags: -D__CLASSIC_C__ 

The output was:
No such file or directory


Checking whether the C compiler is IAR using "" did not match "IAR .+ Compiler":
Checking whether the C compiler is IAR using "" did not match "IAR .+ Compiler":
Compiling the CXX compiler identification source file "CMakeCXXCompilerId.cpp" failed.
Compiler: /usr/bin/g++ 
Build flags: 
Id flags:  

The output was:
No such file or directory


Compiling the CXX compiler identification source file "CMakeCXXCompilerId.cpp" failed.
Compiler: /usr/bin/g++ 
Build flags: 
Id flags: -c 

The output was:
No such file or directory


Compiling the CXX compiler identification source file "CMakeCXXCompilerId.cpp" failed.
Compiler: /usr/bin/g++ 
Build flags: 
Id flags: --c++ 

The output was:
No such file or directory


Compiling the CXX compiler identification source file "CMakeCXXCompilerId.cpp" failed.
Compiler: /usr/bin/g++ 
Build flags: 
Id flags: --ec++ 

The output was:
No such file or directory


Compiling the CXX compiler identification source file "CMakeCXXCompilerId.cpp" failed.
Compiler: /usr/bin/g++ 
Build flags: 
Id flags:  

The output was:
No such file or directory


Compiling the CXX compiler identification source file "CMakeCXXCompilerId.cpp" failed.
Compiler: /usr/bin/g++ 
Build flags: 
Id flags: -c 

The output was:
No such file or directory


Compiling the CXX compiler identification source file "CMakeCXXCompilerId.cpp" failed.
Compiler: /usr/bin/g++ 
Build flags: 
Id flags: --c++ 

The output was:
No such file or directory


Compiling the CXX compiler identification source file "CMakeCXXCompilerId.cpp" failed.
Compiler: /usr/bin/g++ 
Build flags: 
Id flags: --ec++ 

The output was:
No such file or directory


Checking whether the CXX compiler is IAR using "" did not match "IAR .+ Compiler":
Checking whether the CXX compiler is IAR using "" did not match "IAR .+ Compiler":
Determining if the pthread_create exist failed with the following output:
Change Dir: /mnt/Documents/Cours/Laval/ParallelComputing/Tps_Parrallel_Computing/Tp1/build/CMakeFiles/CMakeTmp

Run Build Command:"/usr/bin/make" "cmTC_35473/fast"
/usr/bin/make -f CMakeFiles/cmTC_35473.dir/build.make CMakeFiles/cmTC_35473.dir/build
make[1] : on entre dans le répertoire « /mnt/Documents/Cours/Laval/ParallelComputing/Tps_Parrallel_Computing/Tp1/build/CMakeFiles/CMakeTmp »
Building C object CMakeFiles/cmTC_35473.dir/CheckSymbolExists.c.o
/usr/bin/gcc    -o CMakeFiles/cmTC_35473.dir/CheckSymbolExists.c.o   -c /mnt/Documents/Cours/Laval/ParallelComputing/Tps_Parrallel_Computing/Tp1/build/CMakeFiles/CMakeTmp/CheckSymbolExists.c
Linking C executable cmTC_35473
/usr/bin/cmake -E cmake_link_script CMakeFiles/cmTC_35473.dir/link.txt --verbose=1
/usr/bin/gcc      CMakeFiles/cmTC_35473.dir/CheckSymbolExists.c.o  -o cmTC_35473 
/usr/bin/ld: CMakeFiles/cmTC_35473.dir/CheckSymbolExists.c.o: in function `main':
CheckSymbolExists.c:(.text+0x1b): undefined reference to `pthread_create'
collect2: error: ld a retourné le statut de sortie 1
make[1]: *** [CMakeFiles/cmTC_35473.dir/build.make:87: cmTC_35473] Error 1
make[1] : on quitte le répertoire « /mnt/Documents/Cours/Laval/ParallelComputing/Tps_Parrallel_Computing/Tp1/build/CMakeFiles/CMakeTmp »
make: *** [Makefile:121: cmTC_35473/fast] Error 2

File /mnt/Documents/Cours/Laval/ParallelComputing/Tps_Parrallel_Computing/Tp1/build/CMakeFiles/CMakeTmp/CheckSymbolExists.c:
/* */
#include <pthread.h>

int main(int argc, char** argv)
{
  (void)argv;
#ifndef pthread_create
  return ((int*)(&pthread_create))[argc];
#else
  (void)argc;
  return 0;
#endif
}

